	db 0C1h,052h,000h,0FFh	; ffwd
	db 0C1h,052h,008h,0F7h	; intro
	db 0C1h,052h,018h,0E7h	; five
	db 0C1h,052h,020h,0DFh	; skip-fwd
	db 0C1h,052h,028h,0D7h	; nine
	db 0C1h,052h,030h,0CFh	; one-all
	db 0C1h,052h,038h,0C7h	; one
	db 0C1h,052h,048h,0B7h	; display
	db 0C1h,052h,050h,0AFh	; delete
	db 0C1h,052h,058h,0A7h	; seven
	db 0C1h,052h,068h,097h	; prog/rev
	db 0C1h,052h,070h,08Fh	; edit
	db 0C1h,052h,078h,087h	; three
	db 0C1h,052h,080h,07Fh	; frev
	db 0C1h,052h,088h,077h	; random
	db 0C1h,052h,098h,067h	; six
	db 0C1h,052h,0A0h,05Fh	; skip-back
	db 0C1h,052h,0A8h,057h	; zero
	db 0C1h,052h,0B0h,04Fh	; ab
	db 0C1h,052h,0B8h,047h	; two
	db 0C1h,052h,0C0h,03Fh	; play
	db 0C1h,052h,0C8h,037h	; disc
	db 0C1h,052h,0D0h,02Fh	; stop
	db 0C1h,052h,0D8h,027h	; eight
	db 0C1h,052h,0E0h,01Fh	; pause
	db 0C1h,052h,0E8h,017h	; tapesize
	db 0C1h,052h,0F0h,00Fh	; time
	db 0C1h,052h,0F8h,007h	; four
