8048 Assembler           Version 1.19   06/15/98 21:11:56    Page 1
D:\PIC\FILES\IRXMIT\IRCODES.ASM



    1 0000                     org 0
    2 0000              
    3 0000 83 4A 03            db 083h,04Ah,003h,0FCh  ; cd_play
      0003 FC
    4 0004 83 4A 0B            db 083h,04Ah,00Bh,0F4h  ; cd_stop
      0007 F4
    5 0008 83 4A 04            db 083h,04Ah,004h,0FBh  ; cd_next
      000B FB
    6 000C 83 4A 05            db 083h,04Ah,005h,0FAh  ; cd_prev
      000F FA
    7 0010 83 4A 07            db 083h,04Ah,007h,0F8h  ; cd_pause
      0013 F8
    8 0014 83 4A 13            db 083h,04Ah,013h,0ECh  ; cd_disc
      0017 EC
    9 0018              
   10 0018 D2 6D 00            db 0D2h,06Dh,000h,0FFh  ; class_up
      001B FF
   11 001C D2 6D 01            db 0D2h,06Dh,001h,0FEh  ; class_dn
      001F FE
   12 0020 D2 6D 02            db 0D2h,06Dh,002h,0FDh  ; vol_up
      0023 FD
   13 0024 D2 6D 03            db 0D2h,06Dh,003h,0FCh  ; vol_dn
      0027 FC
   14 0028 D2 6D 04            db 0D2h,06Dh,004h,0FBh  ; power
      002B FB
   15 002C D2 6D 05            db 0D2h,06Dh,005h,0FAh  ; mute
      002F FA
   16 0030 D2 6D 07            db 0D2h,06Dh,007h,0F8h  ; tape2
      0033 F8
   17 0034 D2 6D 08            db 0D2h,06Dh,008h,0F7h  ; tape1
      0037 F7
   18 0038 D2 6D 09            db 0D2h,06Dh,009h,0F6h  ; cd
      003B F6
   19 003C D2 6D 0A            db 0D2h,06Dh,00Ah,0F5h  ; phono
      003F F5
   20 0040 D2 6D 0B            db 0D2h,06Dh,00Bh,0F4h  ; tuner
      0043 F4
   21 0044 D2 6D 0D            db 0D2h,06Dh,00Dh,0F2h  ; video3
      0047 F2
   22 0048 D2 6D 0E            db 0D2h,06Dh,00Eh,0F1h  ; video2
      004B F1
   23 004C D2 6D 0F            db 0D2h,06Dh,00Fh,0F0h  ; video1
      004F F0
   24 0050              
   25 0050 D2 6D 42            db 0D2h,06Dh,042h,0BDh  ; rear_up
      0053 BD
   26 0054 D2 6D 43            db 0D2h,06Dh,043h,0BCh  ; rear_dn
      0057 BC
   27 0058 D2 6D 4A            db 0D2h,06Dh,04Ah,0B5h  ; class
      005B B5
   28 005C D2 6D 4C            db 0D2h,06Dh,04Ch,0B3h  ; surr_mode
      005F B3
   29 0060 D2 6D 53            db 0D2h,06Dh,053h,0ACh  ; surr_delay
      0063 AC
   30 0064 D2 6D 59            db 0D2h,06Dh,059h,0A6h  ; main_spkr
      0067 A6
   31 0068 D2 6D 5A            db 0D2h,06Dh,05Ah,0A5h  ; rem_spkr




8048 Assembler           Version 1.19   06/15/98 21:11:56    Page 2
D:\PIC\FILES\IRXMIT\IRCODES.ASM



      006B A5
   32 006C D2 6D 5D            db 0D2h,06Dh,05Dh,0A2h  ; sleep
      006F A2
   33 0070 D2 6D 80            db 0D2h,06Dh,080h,07Fh  ; cntr_up
      0073 7F
   34 0074 D2 6D 81            db 0D2h,06Dh,081h,07Eh  ; cntr_dn
      0077 7E
   35 0078 D2 6D 9A            db 0D2h,06Dh,09Ah,065h  ; surr_test
      007B 65
   36 007C D2 6D C2            db 0D2h,06Dh,0C2h,03Dh  ; src_up
      007F 3D
   37 0080 D2 6D C3            db 0D2h,06Dh,0C3h,03Ch  ; src_dn
      0083 3C
   38 0084 D2 6D CC            db 0D2h,06Dh,0CCh,033h  ; multisrc
      0087 33
   39 0088              
   40 0088 40 04 05            db 40h,04h,05h,10h,000h,015h    ; deck_a_stop
      008B 10 00 15
   41 008E 40 04 05            db 40h,04h,05h,10h,000h,015h    ; deck_a_fwd
      0091 10 00 15
   42 0094 40 04 05            db 40h,04h,05h,10h,000h,015h    ; deck_a_rev
      0097 10 00 15
   43 009A 40 04 05            db 40h,04h,05h,10h,000h,015h    ; deck_a_rec
      009D 10 00 15
   44 00A0 40 04 05            db 40h,04h,05h,10h,000h,015h    ; deck_a_ffwd
      00A3 10 00 15
   45 00A6 40 04 05            db 40h,04h,05h,10h,000h,015h    ; deck_a_frev
      00A9 10 00 15
   46 00AC 40 04 05            db 40h,04h,05h,10h,000h,015h    ; deck_b_stop
      00AF 10 00 15
   47 00B2 40 04 05            db 40h,04h,05h,10h,050h,045h    ; deck_b_fwd
      00B5 10 50 45
   48 00B8 40 04 05            db 40h,04h,05h,10h,0d0h,0c5h    ; deck_b_rev
      00BB 10 D0 C5
   49 00BE 40 04 05            db 40h,04h,05h,10h,010h,005h    ; deck_b_rec
      00C1 10 10 05
   50 00C4 40 04 05            db 40h,04h,05h,10h,040h,055h    ; deck_b_ffwd
      00C7 10 40 55
   51 00CA 40 04 05            db 40h,04h,05h,10h,0c0h,0d5h    ; deck_b_frev
      00CD 10 C0 D5

Defined Symbols:

Defined Labels:
