               power   0.009152   0.004382 4B B6 20 DF   0.000000
               sleep   0.009148   0.004383 4B B6 BA 45   0.000000
           main_spkr   0.009154   0.004390 4B B6 9A 65   0.000000
            rem_spkr   0.009156   0.004380 4B B6 5A A5   0.000000
            multisrc   0.009153   0.004382 4B B6 33 CC   0.000000
               tape1   0.009138   0.004384 4B B6 10 EF   0.000000
               tuner   0.009150   0.004399 4B B6 D0 2F   0.000000
               phono   0.009158   0.004382 4B B6 50 AF   0.000000
                  cd   0.009155   0.004407 4B B6 90 6F   0.000000
               tape2   0.009163   0.004378 4B B6 E0 1F   0.000000
              video1   0.009170   0.004386 4B B6 F0 0F   0.000000
              video2   0.009169   0.004375 4B B6 70 8F   0.000000
              video3   0.009169   0.004361 4B B6 B0 4F   0.000000
              src_up   0.009181   0.004387 4B B6 43 BC   0.000000
              src_dn   0.009175   0.004358 4B B6 C3 3C   0.000000
          deck_a_rev   0.009170   0.004376 4B B6 F2 0D   0.000000
          deck_a_fwd   0.009166   0.004372 4B B6 72 8D   0.000000
          deck_a_rec   0.009194   0.004367 4B B6 0A F5   0.000000
         deck_a_stop   0.009167   0.004397 4B B6 B2 4D   0.000000
         deck_a_frev   0.009165   0.004392 4B B6 4A B5   0.000000
         deck_a_ffwd   0.009175   0.004370 4B B6 8A 75   0.000000
          deck_b_rev   0.009161   0.004372 4B B6 68 97   0.000000
          deck_b_fwd   0.009170   0.004397 4B B6 A8 57   0.000000
          deck_b_rec   0.009175   0.004377 4B B6 18 E7   0.000000
         deck_b_stop   0.009164   0.004366 4B B6 C8 37   0.000000
         deck_b_frev   0.009175   0.004364 4B B6 58 A7   0.000000
         deck_b_ffwd   0.009178   0.004369 4B B6 98 67   0.000000
               class   0.009177   0.004405 4B B6 52 AD   0.000000
            class_up   0.009177   0.004395 4B B6 00 FF   0.000000
            class_dn   0.009173   0.004380 4B B6 80 7F   0.000000
                mute   0.009168   0.004385 4B B6 A0 5F   0.000000
            cd_pause   0.009164   0.004386 4B B6 F8 07   0.000000
             cd_play   0.009171   0.004390 4B B6 D8 27   0.000000
             cd_disc   0.009155   0.004433 4B B6 3A C5   0.000000
             cd_stop   0.009184   0.004376 4B B6 38 C7   0.000000
             cd_prev   0.009170   0.004376 4B B6 78 87   0.000000
             cd_next   0.009155   0.004408 4B B6 B8 47   0.000000
           surr_test   0.009155   0.004407 4B B6 59 A6   0.000000
           surr_mode   0.009159   0.004420 4B B6 32 CD   0.000000
          surr_delay   0.009174   0.004390 4B B6 CA 35   0.000000
              vol_up   0.009189   0.004372 4B B6 40 BF   0.000000
              vol_dn   0.009180   0.004380 4B B6 C0 3F   0.000000
             rear_up   0.009173   0.004368 4B B6 42 BD   0.000000
             rear_dn   0.009155   0.004430 4B B6 C2 3D   0.000000
             cntr_up   0.009156   0.004407 4B B6 01 FE   0.000000
             cntr_dn   0.009169   0.004375 4B B6 81 7E   0.000000
