	db 04Bh,0B6h,000h,0FFh	; class_up
	db 04Bh,0B6h,001h,0FEh	; cntr_up
	db 04Bh,0B6h,00Ah,0F5h	; deck_a_rec
	db 04Bh,0B6h,010h,0EFh	; tape1
	db 04Bh,0B6h,018h,0E7h	; deck_b_rec
	db 04Bh,0B6h,020h,0DFh	; power
	db 04Bh,0B6h,032h,0CDh	; surr_mode
	db 04Bh,0B6h,033h,0CCh	; multisrc
	db 04Bh,0B6h,038h,0C7h	; cd_stop
	db 04Bh,0B6h,03Ah,0C5h	; cd_disc
	db 04Bh,0B6h,040h,0BFh	; vol_up
	db 04Bh,0B6h,042h,0BDh	; rear_up
	db 04Bh,0B6h,043h,0BCh	; src_up
	db 04Bh,0B6h,04Ah,0B5h	; deck_a_frev
	db 04Bh,0B6h,050h,0AFh	; phono
	db 04Bh,0B6h,052h,0ADh	; class
	db 04Bh,0B6h,058h,0A7h	; deck_b_frev
	db 04Bh,0B6h,059h,0A6h	; surr_test
	db 04Bh,0B6h,05Ah,0A5h	; rem_spkr
	db 04Bh,0B6h,068h,097h	; deck_b_rev
	db 04Bh,0B6h,070h,08Fh	; video2
	db 04Bh,0B6h,072h,08Dh	; deck_a_fwd
	db 04Bh,0B6h,078h,087h	; cd_prev
	db 04Bh,0B6h,080h,07Fh	; class_dn
	db 04Bh,0B6h,081h,07Eh	; cntr_dn
	db 04Bh,0B6h,08Ah,075h	; deck_a_ffwd
	db 04Bh,0B6h,090h,06Fh	; cd
	db 04Bh,0B6h,098h,067h	; deck_b_ffwd
	db 04Bh,0B6h,09Ah,065h	; main_spkr
	db 04Bh,0B6h,0A0h,05Fh	; mute
	db 04Bh,0B6h,0A8h,057h	; deck_b_fwd
	db 04Bh,0B6h,0B0h,04Fh	; video3
	db 04Bh,0B6h,0B2h,04Dh	; deck_a_stop
	db 04Bh,0B6h,0B8h,047h	; cd_next
	db 04Bh,0B6h,0BAh,045h	; sleep
	db 04Bh,0B6h,0C0h,03Fh	; vol_dn
	db 04Bh,0B6h,0C2h,03Dh	; rear_dn
	db 04Bh,0B6h,0C3h,03Ch	; src_dn
	db 04Bh,0B6h,0C8h,037h	; deck_b_stop
	db 04Bh,0B6h,0CAh,035h	; surr_delay
	db 04Bh,0B6h,0D0h,02Fh	; tuner
	db 04Bh,0B6h,0D8h,027h	; cd_play
	db 04Bh,0B6h,0E0h,01Fh	; tape2
	db 04Bh,0B6h,0F0h,00Fh	; video1
	db 04Bh,0B6h,0F2h,00Dh	; deck_a_rev
	db 04Bh,0B6h,0F8h,007h	; cd_pause
